Determining if the pthread_create exist failed with the following output:
Change Dir: /home/stefan/catkin_ws/build/CMakeFiles/CMakeTmp

Run Build Command:"/usr/bin/make" "cmTC_15119/fast"
/usr/bin/make -f CMakeFiles/cmTC_15119.dir/build.make CMakeFiles/cmTC_15119.dir/build
make[1]: Entering directory '/home/stefan/catkin_ws/build/CMakeFiles/CMakeTmp'
Building C object CMakeFiles/cmTC_15119.dir/CheckSymbolExists.c.o
/usr/bin/cc    -o CMakeFiles/cmTC_15119.dir/CheckSymbolExists.c.o   -c /home/stefan/catkin_ws/build/CMakeFiles/CMakeTmp/CheckSymbolExists.c
Linking C executable cmTC_15119
/usr/bin/cmake -E cmake_link_script CMakeFiles/cmTC_15119.dir/link.txt --verbose=1
/usr/bin/cc      -rdynamic CMakeFiles/cmTC_15119.dir/CheckSymbolExists.c.o  -o cmTC_15119 
CMakeFiles/cmTC_15119.dir/CheckSymbolExists.c.o: I funktionen "main":
CheckSymbolExists.c:(.text+0x1b): udefineret reference til "pthread_create"
collect2: error: ld returned 1 exit status
CMakeFiles/cmTC_15119.dir/build.make:97: recipe for target 'cmTC_15119' failed
make[1]: *** [cmTC_15119] Error 1
make[1]: Leaving directory '/home/stefan/catkin_ws/build/CMakeFiles/CMakeTmp'
Makefile:126: recipe for target 'cmTC_15119/fast' failed
make: *** [cmTC_15119/fast] Error 2

File /home/stefan/catkin_ws/build/CMakeFiles/CMakeTmp/CheckSymbolExists.c:
/* */
#include <pthread.h>

int main(int argc, char** argv)
{
  (void)argv;
#ifndef pthread_create
  return ((int*)(&pthread_create))[argc];
#else
  (void)argc;
  return 0;
#endif
}

Determining if the function pthread_create exists in the pthreads failed with the following output:
Change Dir: /home/stefan/catkin_ws/build/CMakeFiles/CMakeTmp

Run Build Command:"/usr/bin/make" "cmTC_f6210/fast"
/usr/bin/make -f CMakeFiles/cmTC_f6210.dir/build.make CMakeFiles/cmTC_f6210.dir/build
make[1]: Entering directory '/home/stefan/catkin_ws/build/CMakeFiles/CMakeTmp'
Building C object CMakeFiles/cmTC_f6210.dir/CheckFunctionExists.c.o
/usr/bin/cc   -DCHECK_FUNCTION_EXISTS=pthread_create   -o CMakeFiles/cmTC_f6210.dir/CheckFunctionExists.c.o   -c /usr/share/cmake-3.10/Modules/CheckFunctionExists.c
Linking C executable cmTC_f6210
/usr/bin/cmake -E cmake_link_script CMakeFiles/cmTC_f6210.dir/link.txt --verbose=1
/usr/bin/cc  -DCHECK_FUNCTION_EXISTS=pthread_create    -rdynamic CMakeFiles/cmTC_f6210.dir/CheckFunctionExists.c.o  -o cmTC_f6210 -lpthreads 
/usr/bin/ld: kan ikke finde -lpthreads
collect2: error: ld returned 1 exit status
CMakeFiles/cmTC_f6210.dir/build.make:97: recipe for target 'cmTC_f6210' failed
make[1]: *** [cmTC_f6210] Error 1
make[1]: Leaving directory '/home/stefan/catkin_ws/build/CMakeFiles/CMakeTmp'
Makefile:126: recipe for target 'cmTC_f6210/fast' failed
make: *** [cmTC_f6210/fast] Error 2


